<?xml version='1.0' encoding='UTF-8' standalone='no' ?><?xml-stylesheet type="text/xsl" href="compatibility_result.xsl"?>
<Result start="1620439832736" end="1620439847415" start_display="周六 5月 08 10:10:32 CST 2021" end_display="周六 5月 08 10:10:47 CST 2021" command_line_args="cts-dev -m CtsCameraTestCases -t android.hardware.camera2.cts.AllocationTest#testBlackWhite" suite_name="CTS" suite_variant="CTS" suite_version="11_r2" suite_plan="cts-dev" suite_build_number="6965179" report_version="5.0" devices="0123456789ABCDEF" host_name="41000966-26-1" os_name="Linux" os_version="4.15.0-142-generic" os_arch="amd64" java_vendor="Oracle Corporation" java_version="11.0.2">
  <Build command_line_args="cts-dev -m CtsCameraTestCases -t android.hardware.camera2.cts.AllocationTest#testBlackWhite" invocation-id="5" setup_time_ms="1718" adb_version="1.0.41 subVersion: 28.0.2-1A3N_1 install path: /usr/bin/adb" java_version="11.0.2" device_release_state="AVAILABLE" device_done_timestamp="1620439847234" tf_objects_tracking="com.android.tradefed.testtype.AndroidJUnitTest=1,com.android.compatibility.common.tradefed.targetprep.ApkInstrumentationPreparer=2,com.android.compatibility.common.tradefed.targetprep.WifiCheck=1,com.android.tradefed.targetprep.suite.SuiteApkInstaller=1,com.android.compatibility.common.tradefed.targetprep.DynamicConfigPusher=1,com.android.tradefed.targetprep.BaseTargetPreparer=19,com.android.compatibility.common.tradefed.targetprep.ApkPreconditionCheck=1,com.android.compatibility.common.tradefed.targetprep.DeviceInfoCollector=1,com.android.compatibility.common.tradefed.testtype.suite.CompatibilityTestSuite=1,com.android.tradefed.testtype.InstrumentationTest=1,com.android.compatibility.common.tradefed.targetprep.PreconditionPreparer=12,com.android.compatibility.common.tradefed.targetprep.PropertyCheck=3,com.android.compatibility.common.tradefed.build.CompatibilityBuildProvider=1,com.android.compatibility.common.tradefed.targetprep.StayAwakePreparer=1,com.android.tradefed.targetprep.DeviceSetup=1,com.android.compatibility.common.tradefed.targetprep.PackageDisabler=1,com.android.tradefed.targetprep.RunCommandTargetPreparer=3,com.android.tradefed.testtype.suite.BaseTestSuite=1,com.android.tradefed.testtype.suite.ITestSuite=1,com.android.compatibility.common.tradefed.targetprep.SettingsPreparer=3,com.android.compatibility.common.tradefed.targetprep.DeviceFileCollector=2,com.android.tradefed.targetprep.TestAppInstallSetup=1,com.android.compatibility.common.tradefed.targetprep.ReportLogCollector=1" fetch_build_time_ms="2" java_classpath="/home/zuozhe/android-cts/tools/../../android-cts/tools/tradefed.jar:/home/zuozhe/android-cts/tools/../../android-cts/tools/tradefed-test-framework.jar:/home/zuozhe/android-cts/tools/../../android-cts/tools/loganalysis.jar:/home/zuozhe/android-cts/tools/../../android-cts/tools/hosttestlib.jar:/home/zuozhe/android-cts/tools/../../android-cts/tools/compatibility-host-util.jar:/home/zuozhe/android-cts/tools/../../android-cts/tools/compatibility-host-util-tests.jar:/home/zuozhe/android-cts/tools/../../android-cts/tools/cts-tradefed.jar:/home/zuozhe/android-cts/tools/../../android-cts/tools/cts-tradefed-tests.jar:/home/zuozhe/android-cts/tools/../../android-cts/tools/compatibility-common-util-tests.jar:/home/zuozhe/android-cts/tools/../../android-cts/tools/compatibility-tradefed-tests.jar:/home/zuozhe/android-cts/tools/../../android-cts/testcases/android.core.vm-tests-tf.jar:/home/zuozhe/android-cts/tools/../../android-cts/testcases/compatibility-host-provider-preconditions.jar:/home/zuozhe/android-cts/tools/../../android-cts/testcases/compatibility-host-telephony-preconditions.jar:/home/zuozhe/android-cts/tools/../../android-cts/testcases/compatibility-host-vm-targetprep.jar:/home/zuozhe/android-cts/tools/../../android-cts/testcases/CtsAbiOverrideHostTestCases.jar:/home/zuozhe/android-cts/tools/../../android-cts/testcases/CtsAccountsHostTestCases.jar:/home/zuozhe/android-cts/tools/../../android-cts/testcases/CtsAdbHostTestCases.jar:/home/zuozhe/android-cts/tools/../../android-cts/testcases/CtsAdbManagerHostTestCases.jar:/home/zuozhe/android-cts/tools/../../android-cts/testcases/CtsAngleIntegrationHostTestCases.jar:/home/zuozhe/android-cts/tools/../../android-cts/testcases/CtsApexTestCases.jar:/home/zuozhe/android-cts/tools/../../android-cts/testcases/CtsAppBindingHostTestCases.jar:/home/zuozhe/android-cts/tools/../../android-cts/testcases/CtsAppCompatHostTestCases.jar:/home/zuozhe/android-cts/tools/../../android-cts/testcases/CtsAppSecurityHostTestCases.jar:/home/zuozhe/android-cts/tools/../../android-cts/testcases/CtsAppUsageHostTestCases.jar:/home/zuozhe/android-cts/tools/../../android-cts/testcases/CtsAtraceHostTestCases.jar:/home/zuozhe/android-cts/tools/../../android-cts/testcases/CtsBackupHostTestCases.jar:/home/zuozhe/android-cts/tools/../../android-cts/testcases/CtsBlobStoreHostTestCases.jar:/home/zuozhe/android-cts/tools/../../android-cts/testcases/CtsBootStatsTestCases.jar:/home/zuozhe/android-cts/tools/../../android-cts/testcases/CtsCarHostTestCases.jar:/home/zuozhe/android-cts/tools/../../android-cts/testcases/CtsClassloaderSplitsHostTestCases.jar:/home/zuozhe/android-cts/tools/../../android-cts/testcases/CtsCodePathHostTestCases.jar:/home/zuozhe/android-cts/tools/../../android-cts/testcases/CtsCompilationTestCases.jar:/home/zuozhe/android-cts/tools/../../android-cts/testcases/CtsCppToolsTestCases.jar:/home/zuozhe/android-cts/tools/../../android-cts/testcases/cts-dalvik-device-test-runner.jar:/home/zuozhe/android-cts/tools/../../android-cts/testcases/cts-dalvik-host-test-runner.jar:/home/zuozhe/android-cts/tools/../../android-cts/testcases/CtsDeqpTestCases.jar:/home/zuozhe/android-cts/tools/../../android-cts/testcases/CtsDeviceIdleHostTestCases.jar:/home/zuozhe/android-cts/tools/../../android-cts/testcases/CtsDevicePolicyManagerTestCases.jar:/home/zuozhe/android-cts/tools/../../android-cts/testcases/CtsDexMetadataHostTestCases.jar:/home/zuozhe/android-cts/tools/../../android-cts/testcases/CtsDumpsysHostTestCases.jar:/home/zuozhe/android-cts/tools/../../android-cts/testcases/CtsDynamicMimeHostTestCases.jar:/home/zuozhe/android-cts/tools/../../android-cts/testcases/CtsEdiHostTestCases.jar:/home/zuozhe/android-cts/tools/../../android-cts/testcases/CtsExtractNativeLibsHostTestCases.jar:/home/zuozhe/android-cts/tools/../../android-cts/testcases/CtsGpuProfilingDataTestCases.jar:/home/zuozhe/android-cts/tools/../../android-cts/testcases/CtsGpuToolsHostTestCases.jar:/home/zuozhe/android-cts/tools/../../android-cts/testcases/CtsHarmfulAppWarningHostTestCases.jar:/home/zuozhe/android-cts/tools/../../android-cts/testcases/CtsHdmiCecHostTestCases.jar:/home/zuozhe/android-cts/tools/../../android-cts/testcases/CtsHostsideNetworkTests.jar:/home/zuozhe/android-cts/tools/../../android-cts/testcases/CtsHostsideNumberBlockingTestCases.jar:/home/zuozhe/android-cts/tools/../../android-cts/testcases/CtsHostsideTvTests.jar:/home/zuozhe/android-cts/tools/../../android-cts/testcases/CtsHostsideWebViewTests.jar:/home/zuozhe/android-cts/tools/../../android-cts/testcases/CtsHostTzDataTests.jar:/home/zuozhe/android-cts/tools/../../android-cts/testcases/CtsIncidentHostTestCases.jar:/home/zuozhe/android-cts/tools/../../android-cts/testcases/CtsIncrementalInstallHostTestCases.jar:/home/zuozhe/android-cts/tools/../../android-cts/testcases/CtsInputMethodServiceCommon.jar:/home/zuozhe/android-cts/tools/../../android-cts/testcases/CtsInputMethodServiceHostTestCases.jar:/home/zuozhe/android-cts/tools/../../android-cts/testcases/CtsInputMethodServiceLib.jar:/home/zuozhe/android-cts/tools/../../android-cts/testcases/CtsJdwpApp.jar:/home/zuozhe/android-cts/tools/../../android-cts/testcases/CtsJdwpSecurityHostTestCases.jar:/home/zuozhe/android-cts/tools/../../android-cts/testcases/CtsJdwpTestCases.jar:/home/zuozhe/android-cts/tools/../../android-cts/testcases/CtsJdwpTunnelHostTestCases.jar:/home/zuozhe/android-cts/tools/../../android-cts/testcases/CtsJvmtiAttachingHostTestCases.jar:/home/zuozhe/android-cts/tools/../../android-cts/testcases/CtsJvmtiRedefineClassesHostTestCases.jar:/home/zuozhe/android-cts/tools/../../android-cts/testcases/CtsJvmtiRunTest1900HostTestCases.jar:/home/zuozhe/android-cts/tools/../../android-cts/testcases/CtsJvmtiRunTest1901HostTestCases.jar:/home/zuozhe/android-cts/tools/../../android-cts/testcases/CtsJvmtiRunTest1902HostTestCases.jar:/home/zuozhe/android-cts/tools/../../android-cts/testcases/CtsJvmtiRunTest1903HostTestCases.jar:/home/zuozhe/android-cts/tools/../../android-cts/testcases/CtsJvmtiRunTest1904HostTestCases.jar:/home/zuozhe/android-cts/tools/../../android-cts/testcases/CtsJvmtiRunTest1906HostTestCases.jar:/home/zuozhe/android-cts/tools/../../android-cts/testcases/CtsJvmtiRunTest1907HostTestCases.jar:/home/zuozhe/android-cts/tools/../../android-cts/testcases/CtsJvmtiRunTest1908HostTestCases.jar:/home/zuozhe/android-cts/tools/../../android-cts/testcases/CtsJvmtiRunTest1909HostTestCases.jar:/home/zuozhe/android-cts/tools/../../android-cts/testcases/CtsJvmtiRunTest1910HostTestCases.jar:/home/zuozhe/android-cts/tools/../../android-cts/testcases/CtsJvmtiRunTest1911HostTestCases.jar:/home/zuozhe/android-cts/tools/../../android-cts/testcases/CtsJvmtiRunTest1912HostTestCases.jar:/home/zuozhe/android-cts/tools/../../android-cts/testcases/CtsJvmtiRunTest1913HostTestCases.jar:/home/zuozhe/android-cts/tools/../../android-cts/testcases/CtsJvmtiRunTest1914HostTestCases.jar:/home/zuozhe/android-cts/tools/../../android-cts/testcases/CtsJvmtiRunTest1915HostTestCases.jar:/home/zuozhe/android-cts/tools/../../android-cts/testcases/CtsJvmtiRunTest1916HostTestCases.jar:/home/zuozhe/android-cts/tools/../../android-cts/testcases/CtsJvmtiRunTest1917HostTestCases.jar:/home/zuozhe/android-cts/tools/../../android-cts/testcases/CtsJvmtiRunTest1920HostTestCases.jar:/home/zuozhe/android-cts/tools/../../android-cts/testcases/CtsJvmtiRunTest1921HostTestCases.jar:/home/zuozhe/android-cts/tools/../../android-cts/testcases/CtsJvmtiRunTest1922HostTestCases.jar:/home/zuozhe/android-cts/tools/../../android-cts/testcases/CtsJvmtiRunTest1923HostTestCases.jar:/home/zuozhe/android-cts/tools/../../android-cts/testcases/CtsJvmtiRunTest1924HostTestCases.jar:/home/zuozhe/android-cts/tools/../../android-cts/testcases/CtsJvmtiRunTest1925HostTestCases.jar:/home/zuozhe/android-cts/tools/../../android-cts/testcases/CtsJvmtiRunTest1926HostTestCases.jar:/home/zuozhe/android-cts/tools/../../android-cts/testcases/CtsJvmtiRunTest1927HostTestCases.jar:/home/zuozhe/android-cts/tools/../../android-cts/testcases/CtsJvmtiRunTest1928HostTestCases.jar:/home/zuozhe/android-cts/tools/../../android-cts/testcases/CtsJvmtiRunTest1930HostTestCases.jar:/home/zuozhe/android-cts/tools/../../android-cts/testcases/CtsJvmtiRunTest1931HostTestCases.jar:/home/zuozhe/android-cts/tools/../../android-cts/testcases/CtsJvmtiRunTest1932HostTestCases.jar:/home/zuozhe/android-cts/tools/../../android-cts/testcases/CtsJvmtiRunTest1933HostTestCases.jar:/home/zuozhe/android-cts/tools/../../android-cts/testcases/CtsJvmtiRunTest1934HostTestCases.jar:/home/zuozhe/android-cts/tools/../../android-cts/testcases/CtsJvmtiRunTest1936HostTestCases.jar:/home/zuozhe/android-cts/tools/../../android-cts/testcases/CtsJvmtiRunTest1937HostTestCases.jar:/home/zuozhe/android-cts/tools/../../android-cts/testcases/CtsJvmtiRunTest1939HostTestCases.jar:/home/zuozhe/android-cts/tools/../../android-cts/testcases/CtsJvmtiRunTest1941HostTestCases.jar:/home/zuozhe/android-cts/tools/../../android-cts/testcases/CtsJvmtiRunTest1942HostTestCases.jar:/home/zuozhe/android-cts/tools/../../android-cts/testcases/CtsJvmtiRunTest1943HostTestCases.jar:/home/zuozhe/android-cts/tools/../../android-cts/testcases/CtsJvmtiRunTest1953HostTestCases.jar:/home/zuozhe/android-cts/tools/../../android-cts/testcases/CtsJvmtiRunTest1958HostTestCases.jar:/home/zuozhe/android-cts/tools/../../android-cts/testcases/CtsJvmtiRunTest1962HostTestCases.jar:/home/zuozhe/android-cts/tools/../../android-cts/testcases/CtsJvmtiRunTest1967HostTestCases.jar:/home/zuozhe/android-cts/tools/../../android-cts/testcases/CtsJvmtiRunTest1968HostTestCases.jar:/home/zuozhe/android-cts/tools/../../android-cts/testcases/CtsJvmtiRunTest1969HostTestCases.jar:/home/zuozhe/android-cts/tools/../../android-cts/testcases/CtsJvmtiRunTest1970HostTestCases.jar:/home/zuozhe/android-cts/tools/../../android-cts/testcases/CtsJvmtiRunTest1971HostTestCases.jar:/home/zuozhe/android-cts/tools/../../android-cts/testcases/CtsJvmtiRunTest1974HostTestCases.jar:/home/zuozhe/android-cts/tools/../../android-cts/testcases/CtsJvmtiRunTest1975HostTestCases.jar:/home/zuozhe/android-cts/tools/../../android-cts/testcases/CtsJvmtiRunTest1976HostTestCases.jar:/home/zuozhe/android-cts/tools/../../android-cts/testcases/CtsJvmtiRunTest1977HostTestCases.jar:/home/zuozhe/android-cts/tools/../../android-cts/testcases/CtsJvmtiRunTest1978HostTestCases.jar:/home/zuozhe/android-cts/tools/../../android-cts/testcases/CtsJvmtiRunTest1979HostTestCases.jar:/home/zuozhe/android-cts/tools/../../android-cts/testcases/CtsJvmtiRunTest1981HostTestCases.jar:/home/zuozhe/android-cts/tools/../../android-cts/testcases/CtsJvmtiRunTest1982HostTestCases.jar:/home/zuozhe/android-cts/tools/../../android-cts/testcases/CtsJvmtiRunTest1983HostTestCases.jar:/home/zuozhe/android-cts/tools/../../android-cts/testcases/CtsJvmtiRunTest1984HostTestCases.jar:/home/zuozhe/android-cts/tools/../../android-cts/testcases/CtsJvmtiRunTest1988HostTestCases.jar:/home/zuozhe/android-cts/tools/../../android-cts/testcases/CtsJvmtiRunTest1989HostTestCases.jar:/home/zuozhe/android-cts/tools/../../android-cts/testcases/CtsJvmtiRunTest1990HostTestCases.jar:/home/zuozhe/android-cts/tools/../../android-cts/testcases/CtsJvmtiRunTest1991HostTestCases.jar:/home/zuozhe/android-cts/tools/../../android-cts/testcases/CtsJvmtiRunTest1992HostTestCases.jar:/home/zuozhe/android-cts/tools/../../android-cts/testcases/CtsJvmtiRunTest1994HostTestCases.jar:/home/zuozhe/android-cts/tools/../../android-cts/testcases/CtsJvmtiRunTest1995HostTestCases.jar:/home/zuozhe/android-cts/tools/../../android-cts/testcases/CtsJvmtiRunTest1996HostTestCases.jar:/home/zuozhe/android-cts/tools/../../android-cts/testcases/CtsJvmtiRunTest1997HostTestCases.jar:/home/zuozhe/android-cts/tools/../../android-cts/testcases/CtsJvmtiRunTest1998HostTestCases.jar:/home/zuozhe/android-cts/tools/../../android-cts/testcases/CtsJvmtiRunTest1999HostTestCases.jar:/home/zuozhe/android-cts/tools/../../android-cts/testcases/CtsJvmtiRunTest2001HostTestCases.jar:/home/zuozhe/android-cts/tools/../../android-cts/testcases/CtsJvmtiRunTest2002HostTestCases.jar:/home/zuozhe/android-cts/tools/../../android-cts/testcases/CtsJvmtiRunTest2003HostTestCases.jar:/home/zuozhe/android-cts/tools/../../android-cts/testcases/CtsJvmtiRunTest2004HostTestCases.jar:/home/zuozhe/android-cts/tools/../../android-cts/testcases/CtsJvmtiRunTest2005HostTestCases.jar:/home/zuozhe/android-cts/tools/../../android-cts/testcases/CtsJvmtiRunTest2006HostTestCases.jar:/home/zuozhe/android-cts/tools/../../android-cts/testcases/CtsJvmtiRunTest2007HostTestCases.jar:/home/zuozhe/android-cts/tools/../../android-cts/testcases/CtsJvmtiRunTest902HostTestCases.jar:/home/zuozhe/android-cts/tools/../../android-cts/testcases/CtsJvmtiRunTest903HostTestCases.jar:/home/zuozhe/android-cts/tools/../../android-cts/testcases/CtsJvmtiRunTest904HostTestCases.jar:/home/zuozhe/android-cts/tools/../../android-cts/testcases/CtsJvmtiRunTest905HostTestCases.jar:/home/zuozhe/android-cts/tools/../../android-cts/testcases/CtsJvmtiRunTest906HostTestCases.jar:/home/zuozhe/android-cts/tools/../../android-cts/testcases/CtsJvmtiRunTest907HostTestCases.jar:/home/zuozhe/android-cts/tools/../../android-cts/testcases/CtsJvmtiRunTest908HostTestCases.jar:/home/zuozhe/android-cts/tools/../../android-cts/testcases/CtsJvmtiRunTest910HostTestCases.jar:/home/zuozhe/android-cts/tools/../../android-cts/testcases/CtsJvmtiRunTest911HostTestCases.jar:/home/zuozhe/android-cts/tools/../../android-cts/testcases/CtsJvmtiRunTest912HostTestCases.jar:/home/zuozhe/android-cts/tools/../../android-cts/testcases/CtsJvmtiRunTest913HostTestCases.jar:/home/zuozhe/android-cts/tools/../../android-cts/testcases/CtsJvmtiRunTest914HostTestCases.jar:/home/zuozhe/android-cts/tools/../../android-cts/testcases/CtsJvmtiRunTest915HostTestCases.jar:/home/zuozhe/android-cts/tools/../../android-cts/testcases/CtsJvmtiRunTest917HostTestCases.jar:/home/zuozhe/android-cts/tools/../../android-cts/testcases/CtsJvmtiRunTest918HostTestCases.jar:/home/zuozhe/android-cts/tools/../../android-cts/testcases/CtsJvmtiRunTest919HostTestCases.jar:/home/zuozhe/android-cts/tools/../../android-cts/testcases/CtsJvmtiRunTest920HostTestCases.jar:/home/zuozhe/android-cts/tools/../../android-cts/testcases/CtsJvmtiRunTest922HostTestCases.jar:/home/zuozhe/android-cts/tools/../../android-cts/testcases/CtsJvmtiRunTest923HostTestCases.jar:/home/zuozhe/android-cts/tools/../../android-cts/testcases/CtsJvmtiRunTest924HostTestCases.jar:/home/zuozhe/android-cts/tools/../../android-cts/testcases/CtsJvmtiRunTest926HostTestCases.jar:/home/zuozhe/android-cts/tools/../../android-cts/testcases/CtsJvmtiRunTest927HostTestCases.jar:/home/zuozhe/android-cts/tools/../../android-cts/testcases/CtsJvmtiRunTest928HostTestCases.jar:/home/zuozhe/android-cts/tools/../../android-cts/testcases/CtsJvmtiRunTest930HostTestCases.jar:/home/zuozhe/android-cts/tools/../../android-cts/testcases/CtsJvmtiRunTest931HostTestCases.jar:/home/zuozhe/android-cts/tools/../../android-cts/testcases/CtsJvmtiRunTest932HostTestCases.jar:/home/zuozhe/android-cts/tools/../../android-cts/testcases/CtsJvmtiRunTest940HostTestCases.jar:/home/zuozhe/android-cts/tools/../../android-cts/testcases/CtsJvmtiRunTest942HostTestCases.jar:/home/zuozhe/android-cts/tools/../../android-cts/testcases/CtsJvmtiRunTest944HostTestCases.jar:/home/zuozhe/android-cts/tools/../../android-cts/testcases/CtsJvmtiRunTest945HostTestCases.jar:/home/zuozhe/android-cts/tools/../../android-cts/testcases/CtsJvmtiRunTest947HostTestCases.jar:/home/zuozhe/android-cts/tools/../../android-cts/testcases/CtsJvmtiRunTest951HostTestCases.jar:/home/zuozhe/android-cts/tools/../../android-cts/testcases/CtsJvmtiRunTest982HostTestCases.jar:/home/zuozhe/android-cts/tools/../../android-cts/testcases/CtsJvmtiRunTest983HostTestCases.jar:/home/zuozhe/android-cts/tools/../../android-cts/testcases/CtsJvmtiRunTest984HostTestCases.jar:/home/zuozhe/android-cts/tools/../../android-cts/testcases/CtsJvmtiRunTest985HostTestCases.jar:/home/zuozhe/android-cts/tools/../../android-cts/testcases/CtsJvmtiRunTest986HostTestCases.jar:/home/zuozhe/android-cts/tools/../../android-cts/testcases/CtsJvmtiRunTest988HostTestCases.jar:/home/zuozhe/android-cts/tools/../../android-cts/testcases/CtsJvmtiRunTest989HostTestCases.jar:/home/zuozhe/android-cts/tools/../../android-cts/testcases/CtsJvmtiRunTest990HostTestCases.jar:/home/zuozhe/android-cts/tools/../../android-cts/testcases/CtsJvmtiRunTest991HostTestCases.jar:/home/zuozhe/android-cts/tools/../../android-cts/testcases/CtsJvmtiRunTest992HostTestCases.jar:/home/zuozhe/android-cts/tools/../../android-cts/testcases/CtsJvmtiRunTest993HostTestCases.jar:/home/zuozhe/android-cts/tools/../../android-cts/testcases/CtsJvmtiRunTest994HostTestCases.jar:/home/zuozhe/android-cts/tools/../../android-cts/testcases/CtsJvmtiRunTest995HostTestCases.jar:/home/zuozhe/android-cts/tools/../../android-cts/testcases/CtsJvmtiRunTest996HostTestCases.jar:/home/zuozhe/android-cts/tools/../../android-cts/testcases/CtsJvmtiRunTest997HostTestCases.jar:/home/zuozhe/android-cts/tools/../../android-cts/testcases/CtsJvmtiTaggingHostTestCases.jar:/home/zuozhe/android-cts/tools/../../android-cts/testcases/CtsJvmtiTrackingHostTestCases.jar:/home/zuozhe/android-cts/tools/../../android-cts/testcases/CtsMediaBitstreamsTestCases.jar:/home/zuozhe/android-cts/tools/../../android-cts/testcases/CtsMediaHostTestCases.jar:/home/zuozhe/android-cts/tools/../../android-cts/testcases/CtsMonkeyTestCases.jar:/home/zuozhe/android-cts/tools/../../android-cts/testcases/CtsMultiUserHostTestCases.jar:/home/zuozhe/android-cts/tools/../../android-cts/testcases/CtsOsHostTestCases.jar:/home/zuozhe/android-cts/tools/../../android-cts/testcases/CtsRollbackManagerHostTestCases.jar:/home/zuozhe/android-cts/tools/../../android-cts/testcases/CtsSampleHostTestCases.jar:/home/zuozhe/android-cts/tools/../../android-cts/testcases/CtsScopedStorageHostTest.jar:/home/zuozhe/android-cts/tools/../../android-cts/testcases/CtsSeccompHostTestCases.jar:/home/zuozhe/android-cts/tools/../../android-cts/testcases/CtsSecurityBulletinHostTestCases.jar:/home/zuozhe/android-cts/tools/../../android-cts/testcases/CtsSecurityHostTestCases.jar:/home/zuozhe/android-cts/tools/../../android-cts/testcases/CtsSettingsHostTestCases.jar:/home/zuozhe/android-cts/tools/../../android-cts/testcases/CtsShortcutHostTestCases.jar:/home/zuozhe/android-cts/tools/../../android-cts/testcases/CtsSignedConfigHostTestCases.jar:/home/zuozhe/android-cts/tools/../../android-cts/testcases/CtsStagedInstallHostTestCases.jar:/home/zuozhe/android-cts/tools/../../android-cts/testcases/CtsStatsdHostTestCases.jar:/home/zuozhe/android-cts/tools/../../android-cts/testcases/CtsStrictJavaPackagesTestCases.jar:/home/zuozhe/android-cts/tools/../../android-cts/testcases/CtsSustainedPerformanceHostTestCases.jar:/home/zuozhe/android-cts/tools/../../android-cts/testcases/CtsSyncContentHostTestCases.jar:/home/zuozhe/android-cts/tools/../../android-cts/testcases/CtsSystemUiHostTestCases.jar:/home/zuozhe/android-cts/tools/../../android-cts/testcases/CtsTaggingHostTestCases.jar:/home/zuozhe/android-cts/tools/../../android-cts/testcases/CtsTelephonyHostCases.jar:/home/zuozhe/android-cts/tools/../../android-cts/testcases/CtsTelephonyProviderHostCases.jar:/home/zuozhe/android-cts/tools/../../android-cts/testcases/CtsTestHarnessModeTestCases.jar:/home/zuozhe/android-cts/tools/../../android-cts/testcases/CtsThemeHostTestCases.jar:/home/zuozhe/android-cts/tools/../../android-cts/testcases/CtsTrustedVoiceHostTestCases.jar:/home/zuozhe/android-cts/tools/../../android-cts/testcases/CtsUsbTests.jar:/home/zuozhe/android-cts/tools/../../android-cts/testcases/CtsUserspaceRebootHostSideTestCases.jar:/home/zuozhe/android-cts/tools/../../android-cts/testcases/CtsUsesLibraryHostTestCases.jar:/home/zuozhe/android-cts/tools/../../android-cts/testcases/CtsWifiBroadcastsHostTestCases.jar:/home/zuozhe/android-cts/tools/../../android-cts/testcases/jdi-support.jar" build_manufacturer="alps" build_abis_32="armeabi-v7a,armeabi" build_reference_fingerprint="" build_product="full_k6833v1_64" build_tags="test-keys" build_version_incremental="mp3V187" build_brand="alps" build_fingerprint="alps/full_k6833v1_64/k6833v1_64:11/RP1A.200720.011/mp3V187:userdebug/test-keys" build_model="k6833v1_64" build_device="k6833v1_64" build_id="RP1A.200720.011" build_version_sdk="30" build_serial="0123456789ABCDEF" build_version_security_patch="2021-04-05" build_abi="arm64-v8a" build_abis_64="arm64-v8a" build_vendor_fingerprint="alps/full_k6833v1_64/k6833v1_64:11/RP1A.200720.011/mp3V187:userdebug/test-keys" build_version_base_os="" build_abis="arm64-v8a,armeabi-v7a,armeabi" build_board="k6833v1_64" build_type="userdebug" build_version_release="11" build_abi2="" />
  <Summary pass="1" failed="1" modules_done="1" modules_total="1" />
  <Module name="CtsCameraTestCases" abi="arm64-v8a" runtime="2753" done="true" pass="1" total_tests="2">
    <TestCase name="android.hardware.camera2.cts.AllocationTest">
      <Test result="pass" name="testBlackWhite[0]" />
      <Test result="fail" name="testBlackWhite[1]">
        <Failure message='junit.framework.AssertionFailedError: Fail to open camera synchronously, android.hardware.camera2.CameraAccessException: CAMERA_DISABLED (1): connectHelper:1735: Camera "0" disabled by policy&#13;'>
          <StackTrace>junit.framework.AssertionFailedError: Fail to open camera synchronously, android.hardware.camera2.CameraAccessException: CAMERA_DISABLED (1): connectHelper:1735: Camera "0" disabled by policy
	at android.hardware.camera2.CameraManager.throwAsPublicException(CameraManager.java:1009)
	at android.hardware.camera2.CameraManager.openCameraDeviceUserAsync(CameraManager.java:544)
	at android.hardware.camera2.CameraManager.openCameraForUid(CameraManager.java:725)
	at android.hardware.camera2.CameraManager.openCamera(CameraManager.java:653)
	at com.android.ex.camera2.blocking.BlockingCameraManager$OpenListener.&amp;lt;init&amp;gt;(BlockingCameraManager.java:194)
	at com.android.ex.camera2.blocking.BlockingCameraManager.openCamera(BlockingCameraManager.java:154)
	at android.hardware.camera2.cts.CameraTestUtils.openCamera(CameraTestUtils.java:964)
	at android.hardware.camera2.cts.AllocationTest$CameraIterable.openDevice(AllocationTest.java:803)
	at android.hardware.camera2.cts.AllocationTest$CameraIterable.forEachCamera(AllocationTest.java:789)
	at android.hardware.camera2.cts.AllocationTest.testBlackWhite(AllocationTest.java:545)
	at java.lang.reflect.Method.invoke(Native Method)
	at org.junit.runners.model.FrameworkMethod$1.runReflectiveCall(FrameworkMethod.java:50)
	at org.junit.internal.runners.model.ReflectiveCallable.run(ReflectiveCallable.java:12)
	at org.junit.runners.model.FrameworkMethod.invokeExplosively(FrameworkMethod.java:52)
	at org.junit.internal.runners.statements.InvokeMethod.evaluate(InvokeMethod.java:17)
	at org.junit.internal.runners.statements.RunBefores.evaluate(RunBefores.java:26)
	at org.junit.internal.runners.statements.RunAfters.evaluate(RunAfters.java:27)
	at org.junit.runners.ParentRunner.runLeaf(ParentRunner.java:325)
	at org.junit.runners.BlockJUnit4ClassRunner.runChild(BlockJUnit4ClassRunner.java:78)
	at org.junit.runners.BlockJUnit4ClassRunner.runChild(BlockJUnit4ClassRunner.java:57)
	at org.junit.runners.ParentRunner$3.run(ParentRunner.java:290)
	at org.junit.runners.ParentRunner$1.schedule(ParentRunner.java:71)
	at org.junit.runners.ParentRunner.runChildren(ParentRunner.java:288)
	at org.junit.runners.ParentRunner.access$000(ParentRunner.java:58)
	at org.junit.runners.ParentRunner$2.evaluate(ParentRunner.java:268)
	at org.junit.runners.ParentRunner.run(ParentRunner.java:363)
	at org.junit.runners.Suite.runChild(Suite.java:128)
	at org.junit.runners.Suite.runChild(Suite.java:27)
	at org.junit.runners.ParentRunner$3.run(ParentRunner.java:290)
	at org.junit.runners.ParentRunner$1.schedule(ParentRunner.java:71)
	at org.junit.runners.ParentRunner.runChildren(ParentRunner.java:288)
	at org.junit.runners.ParentRunner.access$000(ParentRunner.java:58)
	at org.junit.runners.ParentRunner$2.evaluate(ParentRunner.java:268)
	at org.junit.runners.ParentRunner.run(ParentRunner.java:363)
	at org.junit.runners.Suite.runChild(Suite.java:128)
	at org.junit.runners.Suite.runChild(Suite.java:27)
	at org.junit.runners.ParentRunner$3.run(ParentRunner.java:290)
	at org.junit.runners.ParentRunner$1.schedule(ParentRunner.java:71)
	at org.junit.runners.ParentRunner.runChildren(ParentRunner.java:288)
	at org.junit.runners.ParentRunner.access$000(ParentRunner.java:58)
	at org.junit.runners.ParentRunner$2.evaluate(ParentRunner.java:268)
	at org.junit.runners.ParentRunner.run(ParentRunner.java:363)
	at org.junit.runner.JUnitCore.run(JUnitCore.java:137)
	at org.junit.runner.JUnitCore.run(JUnitCore.java:115)
	at androidx.test.internal.runner.TestExecutor.execute(TestExecutor.java:56)
	at androidx.test.runner.AndroidJUnitRunner.onStart(AndroidJUnitRunner.java:395)
	at android.app.Instrumentation$InstrumentationThread.run(Instrumentation.java:2205)
Caused by: android.os.ServiceSpecificException: connectHelper:1735: Camera "0" disabled by policy (code 6)
	at android.os.Parcel.createExceptionOrNull(Parcel.java:2387)
	at android.os.Parcel.createException(Parcel.java:2357)
	at android.os.Parcel.readException(Parcel.java:2340)
	at android.os.Parcel.readException(Parcel.java:2282)
	at android.hardware.ICameraService$Stub$Proxy.connectDevice(ICameraService.java:634)
	at android.hardware.camera2.CameraManager.openCameraDeviceUserAsync(CameraManager.java:511)
	... 45 more

	at junit.framework.Assert.fail(Assert.java:50)
	at android.hardware.camera2.cts.AllocationTest$CameraIterable.openDevice(AllocationTest.java:806)
	at android.hardware.camera2.cts.AllocationTest$CameraIterable.forEachCamera(AllocationTest.java:789)
	at android.hardware.camera2.cts.AllocationTest.testBlackWhite(AllocationTest.java:545)
	at java.lang.reflect.Method.invoke(Native Method)
	at org.junit.runners.model.FrameworkMethod$1.runReflectiveCall(FrameworkMethod.java:50)
	at org.junit.internal.runners.model.ReflectiveCallable.run(ReflectiveCallable.java:12)
	at org.junit.runners.model.FrameworkMethod.invokeExplosively(FrameworkMethod.java:52)
	at org.junit.internal.runners.statements.InvokeMethod.evaluate(InvokeMethod.java:17)
	at org.junit.internal.runners.statements.RunBefores.evaluate(RunBefores.java:26)
	at org.junit.internal.runners.statements.RunAfters.evaluate(RunAfters.java:27)
	at org.junit.runners.ParentRunner.runLeaf(ParentRunner.java:325)
	at org.junit.runners.BlockJUnit4ClassRunner.runChild(BlockJUnit4ClassRunner.java:78)
	at org.junit.runners.BlockJUnit4ClassRunner.runChild(BlockJUnit4ClassRunner.java:57)
	at org.junit.runners.ParentRunner$3.run(ParentRunner.java:290)
	at org.junit.runners.ParentRunner$1.schedule(ParentRunner.java:71)
	at org.junit.runners.ParentRunner.runChildren(ParentRunner.java:288)
	at org.junit.runners.ParentRunner.access$000(ParentRunner.java:58)
	at org.junit.runners.ParentRunner$2.evaluate(ParentRunner.java:268)
	at org.junit.runners.ParentRunner.run(ParentRunner.java:363)
	at org.junit.runners.Suite.runChild(Suite.java:128)
	at org.junit.runners.Suite.runChild(Suite.java:27)
	at org.junit.runners.ParentRunner$3.run(ParentRunner.java:290)
	at org.junit.runners.ParentRunner$1.schedule(ParentRunner.java:71)
	at org.junit.runners.ParentRunner.runChildren(ParentRunner.java:288)
	at org.junit.runners.ParentRunner.access$000(ParentRunner.java:58)
	at org.junit.runners.ParentRunner$2.evaluate(ParentRunner.java:268)
	at org.junit.runners.ParentRunner.run(ParentRunner.java:363)
	at org.junit.runners.Suite.runChild(Suite.java:128)
	at org.junit.runners.Suite.runChild(Suite.java:27)
	at org.junit.runners.ParentRunner$3.run(ParentRunner.java:290)
	at org.junit.runners.ParentRunner$1.schedule(ParentRunner.java:71)
	at org.junit.runners.ParentRunner.runChildren(ParentRunner.java:288)
	at org.junit.runners.ParentRunner.access$000(ParentRunner.java:58)
	at org.junit.runners.ParentRunner$2.evaluate(ParentRunner.java:268)
	at org.junit.runners.ParentRunner.run(ParentRunner.java:363)
	at org.junit.runner.JUnitCore.run(JUnitCore.java:137)
	at org.junit.runner.JUnitCore.run(JUnitCore.java:115)
	at androidx.test.internal.runner.TestExecutor.execute(TestExecutor.java:56)
	at androidx.test.runner.AndroidJUnitRunner.onStart(AndroidJUnitRunner.java:395)
	at android.app.Instrumentation$InstrumentationThread.run(Instrumentation.java:2205)
</StackTrace>
        </Failure>
      </Test>
    </TestCase>
  </Module>
</Result>